Arguments: 
  /Users/lizongrong/.nvm/versions/node/v14.18.0/bin/node /usr/local/Cellar/yarn/1.22.11/libexec/bin/yarn.js

PATH: 
  /Users/lizongrong/miniconda3/envs/python3.6/bin:/Users/lizongrong/miniconda3/condabin:/Users/lizongrong/.nvm/versions/node/v14.18.0/bin:/Users/lizongrong/.local/share/solana/install/active_release/bin:/Users/lizongrong/.cargo/bin:/usr/local/sbin:/usr/local/bin:/usr/local/bin:/usr/local/sbin:/usr/bin:/bin:/usr/sbin:/sbin:/Library/TeX/texbin:/usr/local/go/bin:/usr/local/share/dotnet:/opt/X11/bin:~/.dotnet/tools:/Applications/Postgres.app/Contents/Versions/latest/bin:/Users/lizongrong/.cargo/bin:/Users/lizongrong/.antigen/bundles/sorin-ionescu/prezto:/Users/lizongrong/.antigen/bundles/Vifon/deer:/Users/lizongrong/.antigen/bundles/zdharma/fast-syntax-highlighting:/Users/lizongrong/.antigen/bundles/willghatch/zsh-cdr

Yarn version: 
  1.22.11

Node version: 
  14.18.0

Platform: 
  darwin x64

Trace: 
  Error: https://github.com/dignifiedquire/webcrypto-shim.git/info/refs?service=git-upload-pack: ETIMEDOUT
      at Timeout._onTimeout (/usr/local/Cellar/yarn/1.22.11/libexec/lib/cli.js:141423:19)
      at listOnTimeout (internal/timers.js:557:17)
      at processTimers (internal/timers.js:500:7)

npm manifest: 
  {
    "name": "hardhat-project",
    "devDependencies": {
      "@chainlink/contracts": "0.1.7",
      "@nomiclabs/hardhat-ethers": "^2.0.2",
      "@nomiclabs/hardhat-waffle": "^2.0.1",
      "chai": "^4.3.4",
      "ethereum-waffle": "^3.3.0",
      "ethers": "^5.2.0",
      "hardhat": "^2.3.0"
    },
    "dependencies": {
      "dotenv": "^10.0.0",
      "ipfs-api": "^26.1.2",
      "ramda": "^0.27.1"
    }
  }

yarn manifest: 
  No manifest

Lockfile: 
  No lockfile
